# =============== Calibration  ==================
# BKGD_RXTE_1 # 1012010101 done 18-06-15
# BKGD_RXTE_2 # 1012020101 done 18-06-15
# BKGD_RXTE_3 # done 18-06-15
# BKGD_RXTE_4 # done 18-06-15
# BKGD_RXTE_5 # done 18-06-15
# BKGD_RXTE_6 # done 18-06-15
# BKGD_RXTE_8 # done 18-06-15
# 
# =============== Long-term Monitoring ==================
# Proxima_Cen # 11110101ss DONE 2018-07-23
# SGR_0501+4516 # DONE 2018-07-23
# 
# =============== Source of Interest  ==================
# Sco_X-1 # DONE 2018-07-23
# NGC_300_ULX1 # DONE 2018-07-23
# ASASSN-18el # DONE 2018-07-23
# IGR_J17379-3747 # done 18-07-04 (Craig's source) 
# AT2018cow # 12002501ss DONE 2018-07-23
# 
# 3C_273 # 10101001ss done 18-07-03
# U_Cep # done 18-06-26 
# 
# =============== Magnetars ==================
# ==== Gugus ====
# AX_J1818.8-1559 # done 18-07-03
# 1E_2259+586 # Done 2018-06-29 
# PSR_J1119-6127 # done 18-07-03 
# 4U_0142+61 # done 18-07-03 
# XTE_J1810-197 # done 18-07-03 
#  
# SGR_1935+2154
# PSR_B1509-58 # done 18-06-15
# PSR_B0540-69 # done 18-07-03 

# SGR_0418+5729 # done 18-07-03 
# PSR_B0833-45 # Vela pulsar done 18-07-03 
# 1E_1048.1-5937 # done 18-07-03 
# 1E_1207.4-5209 # done 18-07-03 now running 
# PSR_J1622-4950 # done 18-07-18
# CXO_J164710.2-455216 # done 18-07-03 
# Swift_J1822.3-1606 # done 18-07-03 
# RX_J1605.3+3249 # done  18-06-29
#
# =============== LIGO sources ==================
# PSR_J0205+6449 # done 2018-07-23
# PSR_J1412+7922 # done 2018-07-23
# PSR_J1849-0001 # done 2018-07-23
# PSR_J2229+6114 # done 2018-07-23
# PSR_J0537-6910 # Big-Glitcher done 2018-07-04 ==> v180705 10201001ss 10201002ss
# 
# =============== Kuiper Monitoring ==================
# PSR_J1838-0655 # 10206801ss  # done 2018-07-23
# PSR_J1849-0001 # 10206601ss # done 2018-07-23
# PSR_J1846-0258 # 10332901ss # done 2018-07-23
#
# =============== Watanabe Eri ==================
# PSR_J0726-2612 # 10201501ss done 18-07-03 
# 
# 
# =============== Light Curve Modeling ==================
# 
#
# =============== XDINSs ==================
# RX_J1856.4-3754	 # done 2018-07-23
# 2XMM_J104608.7-594306	 # done 2018-07-23
# RX_J1308.8+2127	 # done 2018-07-23
# RX_J0720.4-3125 # Done 2018-06-29  # done 2018-07-23
# 
# LSI_+61_303
# PSR_B1259-63
# PSR_B1957+20
#
# PSR_B0531+21 # DONE 2018-06-26
# PSR_B0531_off_1p47amin # DONE 2018-06-26
# 
# PSR_B0633+17
# PSR_B0656+14 # Wynn 
#
# NGC_300_ULX1_bkg
# 
# 1E_0102.2-7219 # DONE 2018-06-26 
# Cas_A # DONE 2018-07-04
# W49B
# N132D
#
# ASASSN-18fv
# 
# Vela_X-1
# GRO_J1008-57
# Cyg_X-2
# EXO_0748-676
# 
# UX_Ari
# TT_Ari
# EV_Lac
# Ark_564
# Algol
# Rapid_Burster
# GT_Mus
#
# NGC_4993
#
# MAXI_J1820+070
#
# === Light Curve Modeling ===
# PSR_J0437-4715_opt1
# PSR_J0030+0451
# PSR_J0751+1807_opt1
# PSR_J2124-3358_opt1
# PSR_J2215+5135 # Alice done 2018-07-10
# PSR_J1231-1411
# RX_J0437.4-4711
# PSR_J1614-2230
# PSR_B1937+21 # Zaven's interest 
# PSR_B1821-24 # Zaven's interest 
# === Timing 
# PSR_J0218+4232
# PSR_J1012+5307
# PSR_J2214+3000
# ESO_113-45
# 
# LMC_X-3
# Cir_X-1
# Cen_X-3
# Sgr_A_star
#
# === Other sources 
# DA_495 
# 3XMM_J201744.7+365045
# PSR_B0355+54
# PSR_B0943+10
# PSR_B0950+08
# PSR_B1046-58
# PSR_B1055-52
# PSR_B1919+21
# PSR_B1929+10
# PSR_J1731-4744
# PSR_J1208-6238
# PSR_J2022+3842
# PSR_J2252-37
# 47Tuc_X7
# 3FGL_J0212.1+5320
# 1RXS_J044048.0+292440
# PSR_J0614-3329
# PSR_J0636+5129
# MAXI_J0911-655
# PSR_J0023+09
# PSR_J0125-2327
# PSR_J0357+3205
# PSR_J1553+5437
# PSR_J1734-3333
# Cen_X-4
# 1RXS_J154439.4-112820
# PSR_J1740+1000
# PSR_J1744-1134
# 1RXS_J213944.3+595016
# M83_ULX
# NGC_5907_ULX
# HESS_1731_opt
# PSR_J2241-5236
# PSR_J1813-1246
# PSR_J1847-0130
# 1FGL_J2234.8+0944
# 2FGL_J0846.0+2820
# FIRST_J102347.6+003841
# GX_349+2
# IGR_J17062-6143
# XTE_J1807-294
# M15
# Omega_Cen_qLMXB_1
MAXI_J1813-095